c:\users\jocon\desktop\games-engineering\rwm_1718_p2_a\rwm_1718_p2_a\x64\debug\vc141.pdb
c:\users\jocon\desktop\games-engineering\rwm_1718_p2_a\rwm_1718_p2_a\x64\debug\vc141.idb
c:\users\jocon\desktop\games-engineering\rwm_1718_p2_a\rwm_1718_p2_a\x64\debug\level2.obj
c:\users\jocon\desktop\games-engineering\rwm_1718_p2_a\rwm_1718_p2_a\x64\debug\level3.obj
c:\users\jocon\desktop\games-engineering\rwm_1718_p2_a\rwm_1718_p2_a\x64\debug\levelloader.obj
c:\users\jocon\desktop\games-engineering\rwm_1718_p2_a\rwm_1718_p2_a\x64\debug\ltimer.obj
c:\users\jocon\desktop\games-engineering\rwm_1718_p2_a\rwm_1718_p2_a\x64\debug\main.obj
c:\users\jocon\desktop\games-engineering\rwm_1718_p2_a\rwm_1718_p2_a\x64\debug\mixer.obj
c:\users\jocon\desktop\games-engineering\rwm_1718_p2_a\rwm_1718_p2_a\x64\debug\platform.obj
c:\users\jocon\desktop\games-engineering\rwm_1718_p2_a\rwm_1718_p2_a\x64\debug\particles.obj
c:\users\jocon\desktop\games-engineering\rwm_1718_p2_a\rwm_1718_p2_a\x64\debug\renderer.obj
c:\users\jocon\desktop\games-engineering\rwm_1718_p2_a\rwm_1718_p2_a\x64\debug\rocket.obj
c:\users\jocon\desktop\games-engineering\rwm_1718_p2_a\rwm_1718_p2_a\x64\debug\scenemanager.obj
c:\users\jocon\desktop\games-engineering\rwm_1718_p2_a\rwm_1718_p2_a\x64\debug\sounds.obj
c:\users\jocon\desktop\games-engineering\rwm_1718_p2_a\rwm_1718_p2_a\x64\debug\goal.obj
c:\users\jocon\desktop\games-engineering\rwm_1718_p2_a\rwm_1718_p2_a\x64\debug\sprite.obj
c:\users\jocon\desktop\games-engineering\rwm_1718_p2_a\rwm_1718_p2_a\x64\debug\startscene.obj
c:\users\jocon\desktop\games-engineering\rwm_1718_p2_a\rwm_1718_p2_a\x64\debug\stdafx.obj
c:\users\jocon\desktop\games-engineering\rwm_1718_p2_a\rwm_1718_p2_a\x64\debug\uitext.obj
c:\users\jocon\desktop\games-engineering\rwm_1718_p2_a\rwm_1718_p2_a\x64\debug\wall.obj
c:\users\jocon\desktop\games-engineering\rwm_1718_p2_a\rwm_1718_p2_a\x64\debug\windmill.obj
c:\users\jocon\desktop\games-engineering\rwm_1718_p2_a\rwm_1718_p2_a\x64\debug\world.obj
c:\users\jocon\desktop\games-engineering\rwm_1718_p2_a\rwm_1718_p2_a\x64\debug\bouncyplatform.obj
c:\users\jocon\desktop\games-engineering\rwm_1718_p2_a\rwm_1718_p2_a\x64\debug\button.obj
c:\users\jocon\desktop\games-engineering\rwm_1718_p2_a\rwm_1718_p2_a\x64\debug\cannon.obj
c:\users\jocon\desktop\games-engineering\rwm_1718_p2_a\rwm_1718_p2_a\x64\debug\cannonball.obj
c:\users\jocon\desktop\games-engineering\rwm_1718_p2_a\rwm_1718_p2_a\x64\debug\endscene.obj
c:\users\jocon\desktop\games-engineering\rwm_1718_p2_a\rwm_1718_p2_a\x64\debug\game.obj
c:\users\jocon\desktop\games-engineering\rwm_1718_p2_a\rwm_1718_p2_a\x64\debug\gameobject.obj
c:\users\jocon\desktop\games-engineering\rwm_1718_p2_a\rwm_1718_p2_a\x64\debug\basic2dobjects.obj
c:\users\jocon\desktop\games-engineering\rwm_1718_p2_a\rwm_1718_p2_a\x64\debug\inputmanager.obj
c:\users\jocon\desktop\games-engineering\rwm_1718_p2_a\rwm_1718_p2_a\x64\debug\json.obj
c:\users\jocon\desktop\games-engineering\rwm_1718_p2_a\rwm_1718_p2_a\x64\debug\jsonvalue.obj
c:\users\jocon\desktop\games-engineering\rwm_1718_p2_a\rwm_1718_p2_a\x64\debug\level1.obj
c:\users\jocon\desktop\games-engineering\rwm_1718_p2_a\x64\debug\rwm_1718_p2_a.ilk
c:\users\jocon\desktop\games-engineering\rwm_1718_p2_a\x64\debug\rwm_1718_p2_a.exe
c:\users\jocon\desktop\games-engineering\rwm_1718_p2_a\x64\debug\rwm_1718_p2_a.pdb
c:\users\jocon\desktop\games-engineering\rwm_1718_p2_a\rwm_1718_p2_a\x64\debug\rwm_1718_p2_a.tlog\cl.command.1.tlog
c:\users\jocon\desktop\games-engineering\rwm_1718_p2_a\rwm_1718_p2_a\x64\debug\rwm_1718_p2_a.tlog\cl.read.1.tlog
c:\users\jocon\desktop\games-engineering\rwm_1718_p2_a\rwm_1718_p2_a\x64\debug\rwm_1718_p2_a.tlog\cl.write.1.tlog
c:\users\jocon\desktop\games-engineering\rwm_1718_p2_a\rwm_1718_p2_a\x64\debug\rwm_1718_p2_a.tlog\link.command.1.tlog
c:\users\jocon\desktop\games-engineering\rwm_1718_p2_a\rwm_1718_p2_a\x64\debug\rwm_1718_p2_a.tlog\link.read.1.tlog
c:\users\jocon\desktop\games-engineering\rwm_1718_p2_a\rwm_1718_p2_a\x64\debug\rwm_1718_p2_a.tlog\link.write.1.tlog
