c:\users\jocon\desktop\games-engineering\rwm_1718_p2_a\rwm_1718_p2_a\x64\release\vc141.pdb
c:\users\jocon\desktop\games-engineering\rwm_1718_p2_a\rwm_1718_p2_a\x64\release\particles.obj
c:\users\jocon\desktop\games-engineering\rwm_1718_p2_a\rwm_1718_p2_a\x64\release\platform.obj
c:\users\jocon\desktop\games-engineering\rwm_1718_p2_a\rwm_1718_p2_a\x64\release\mixer.obj
c:\users\jocon\desktop\games-engineering\rwm_1718_p2_a\rwm_1718_p2_a\x64\release\main.obj
c:\users\jocon\desktop\games-engineering\rwm_1718_p2_a\rwm_1718_p2_a\x64\release\ltimer.obj
c:\users\jocon\desktop\games-engineering\rwm_1718_p2_a\rwm_1718_p2_a\x64\release\levelloader.obj
c:\users\jocon\desktop\games-engineering\rwm_1718_p2_a\rwm_1718_p2_a\x64\release\level3.obj
c:\users\jocon\desktop\games-engineering\rwm_1718_p2_a\rwm_1718_p2_a\x64\release\level2.obj
c:\users\jocon\desktop\games-engineering\rwm_1718_p2_a\rwm_1718_p2_a\x64\release\level1.obj
c:\users\jocon\desktop\games-engineering\rwm_1718_p2_a\rwm_1718_p2_a\x64\release\jsonvalue.obj
c:\users\jocon\desktop\games-engineering\rwm_1718_p2_a\rwm_1718_p2_a\x64\release\json.obj
c:\users\jocon\desktop\games-engineering\rwm_1718_p2_a\rwm_1718_p2_a\x64\release\inputmanager.obj
c:\users\jocon\desktop\games-engineering\rwm_1718_p2_a\rwm_1718_p2_a\x64\release\basic2dobjects.obj
c:\users\jocon\desktop\games-engineering\rwm_1718_p2_a\rwm_1718_p2_a\x64\release\gameobject.obj
c:\users\jocon\desktop\games-engineering\rwm_1718_p2_a\rwm_1718_p2_a\x64\release\game.obj
c:\users\jocon\desktop\games-engineering\rwm_1718_p2_a\rwm_1718_p2_a\x64\release\endscene.obj
c:\users\jocon\desktop\games-engineering\rwm_1718_p2_a\rwm_1718_p2_a\x64\release\cannonball.obj
c:\users\jocon\desktop\games-engineering\rwm_1718_p2_a\rwm_1718_p2_a\x64\release\cannon.obj
c:\users\jocon\desktop\games-engineering\rwm_1718_p2_a\rwm_1718_p2_a\x64\release\button.obj
c:\users\jocon\desktop\games-engineering\rwm_1718_p2_a\rwm_1718_p2_a\x64\release\bouncyplatform.obj
c:\users\jocon\desktop\games-engineering\rwm_1718_p2_a\rwm_1718_p2_a\x64\release\world.obj
c:\users\jocon\desktop\games-engineering\rwm_1718_p2_a\rwm_1718_p2_a\x64\release\windmill.obj
c:\users\jocon\desktop\games-engineering\rwm_1718_p2_a\rwm_1718_p2_a\x64\release\wall.obj
c:\users\jocon\desktop\games-engineering\rwm_1718_p2_a\rwm_1718_p2_a\x64\release\uitext.obj
c:\users\jocon\desktop\games-engineering\rwm_1718_p2_a\rwm_1718_p2_a\x64\release\stdafx.obj
c:\users\jocon\desktop\games-engineering\rwm_1718_p2_a\rwm_1718_p2_a\x64\release\startscene.obj
c:\users\jocon\desktop\games-engineering\rwm_1718_p2_a\rwm_1718_p2_a\x64\release\sprite.obj
c:\users\jocon\desktop\games-engineering\rwm_1718_p2_a\rwm_1718_p2_a\x64\release\goal.obj
c:\users\jocon\desktop\games-engineering\rwm_1718_p2_a\rwm_1718_p2_a\x64\release\sounds.obj
c:\users\jocon\desktop\games-engineering\rwm_1718_p2_a\rwm_1718_p2_a\x64\release\scenemanager.obj
c:\users\jocon\desktop\games-engineering\rwm_1718_p2_a\rwm_1718_p2_a\x64\release\rocket.obj
c:\users\jocon\desktop\games-engineering\rwm_1718_p2_a\rwm_1718_p2_a\x64\release\renderer.obj
c:\users\jocon\desktop\games-engineering\rwm_1718_p2_a\x64\release\rwm_1718_p2_a.exe
c:\users\jocon\desktop\games-engineering\rwm_1718_p2_a\x64\release\rwm_1718_p2_a.pdb
c:\users\jocon\desktop\games-engineering\rwm_1718_p2_a\x64\release\rwm_1718_p2_a.ipdb
c:\users\jocon\desktop\games-engineering\rwm_1718_p2_a\x64\release\rwm_1718_p2_a.iobj
c:\users\jocon\desktop\games-engineering\rwm_1718_p2_a\rwm_1718_p2_a\x64\release\rwm_1718_p2_a.tlog\cl.command.1.tlog
c:\users\jocon\desktop\games-engineering\rwm_1718_p2_a\rwm_1718_p2_a\x64\release\rwm_1718_p2_a.tlog\cl.read.1.tlog
c:\users\jocon\desktop\games-engineering\rwm_1718_p2_a\rwm_1718_p2_a\x64\release\rwm_1718_p2_a.tlog\cl.write.1.tlog
c:\users\jocon\desktop\games-engineering\rwm_1718_p2_a\rwm_1718_p2_a\x64\release\rwm_1718_p2_a.tlog\link.command.1.tlog
c:\users\jocon\desktop\games-engineering\rwm_1718_p2_a\rwm_1718_p2_a\x64\release\rwm_1718_p2_a.tlog\link.read.1.tlog
c:\users\jocon\desktop\games-engineering\rwm_1718_p2_a\rwm_1718_p2_a\x64\release\rwm_1718_p2_a.tlog\link.write.1.tlog
c:\users\jocon\desktop\games-engineering\rwm_1718_p2_a\rwm_1718_p2_a\x64\release\rwm_1718_p2_a.tlog\rwm_1718_p2_a.write.1u.tlog
