  BouncyPlatform.cpp
  Button.cpp
Button.cpp(7): warning C4244: 'argument': conversion from 'int' to 'float', possible loss of data
Button.cpp(9): warning C4244: '=': conversion from 'float' to 'int', possible loss of data
Button.cpp(10): warning C4244: '=': conversion from 'float' to 'int', possible loss of data
Button.cpp(11): warning C4244: '=': conversion from 'float' to 'int', possible loss of data
Button.cpp(12): warning C4244: '=': conversion from 'float' to 'int', possible loss of data
Button.cpp(29): warning C4390: ';': empty controlled statement found; is this the intent?
  Cannon.cpp
Cannon.cpp(20): warning C4244: '=': conversion from 'float32' to 'int', possible loss of data
  Cannonball.cpp
Cannonball.cpp(68): warning C4244: 'initializing': conversion from 'double' to 'float', possible loss of data
  EndScene.cpp
EndScene.cpp(34): warning C4267: '=': conversion from 'size_t' to 'int', possible loss of data
  Game.cpp
  GameObject.cpp
  Basic2DObjects.cpp
  InputManager.cpp
  JSON.cpp
  JSONValue.cpp
  Level1.cpp
Level1.cpp(53): warning C4244: 'argument': conversion from 'int' to 'float', possible loss of data
Level1.cpp(59): warning C4244: 'argument': conversion from 'int' to 'float', possible loss of data
Level1.cpp(65): warning C4244: 'argument': conversion from 'int' to 'float', possible loss of data
Level1.cpp(71): warning C4244: 'argument': conversion from 'int' to 'float', possible loss of data
Level1.cpp(77): warning C4244: 'argument': conversion from 'int' to 'float', possible loss of data
  Level2.cpp
Level2.cpp(54): warning C4244: 'argument': conversion from 'int' to 'float', possible loss of data
Level2.cpp(60): warning C4244: 'argument': conversion from 'int' to 'float', possible loss of data
Level2.cpp(66): warning C4244: 'argument': conversion from 'int' to 'float', possible loss of data
Level2.cpp(72): warning C4244: 'argument': conversion from 'int' to 'float', possible loss of data
Level2.cpp(78): warning C4244: 'argument': conversion from 'int' to 'float', possible loss of data
  Level3.cpp
Level3.cpp(53): warning C4244: 'argument': conversion from 'int' to 'float', possible loss of data
Level3.cpp(59): warning C4244: 'argument': conversion from 'int' to 'float', possible loss of data
Level3.cpp(63): warning C4244: 'argument': conversion from 'int' to 'float32', possible loss of data
Level3.cpp(71): warning C4244: 'argument': conversion from 'int' to 'float', possible loss of data
Level3.cpp(77): warning C4244: 'argument': conversion from 'int' to 'float', possible loss of data
  LevelLoader.cpp
LevelLoader.cpp(83): warning C4244: 'argument': conversion from 'double' to 'int', possible loss of data
LevelLoader.cpp(105): warning C4244: '=': conversion from 'double' to 'int', possible loss of data
LevelLoader.cpp(106): warning C4244: '=': conversion from 'double' to 'int', possible loss of data
LevelLoader.cpp(107): warning C4244: '=': conversion from 'double' to 'int', possible loss of data
LevelLoader.cpp(114): warning C4244: 'argument': conversion from 'double' to 'int', possible loss of data
  LTimer.cpp
  main.cpp
  Mixer.cpp
  Platform.cpp
  Particles.cpp
Particles.cpp(26): warning C4267: '=': conversion from 'size_t' to 'int', possible loss of data
Particles.cpp(36): warning C4244: '=': conversion from 'int' to 'float', possible loss of data
Particles.cpp(37): warning C4244: 'argument': conversion from 'int' to 'float32', possible loss of data
Particles.cpp(44): warning C4244: '=': conversion from 'int' to 'float', possible loss of data
Particles.cpp(59): warning C4267: '=': conversion from 'size_t' to 'int', possible loss of data
Particles.cpp(69): warning C4244: '=': conversion from 'int' to 'float', possible loss of data
Particles.cpp(70): warning C4244: 'argument': conversion from 'int' to 'float32', possible loss of data
Particles.cpp(77): warning C4244: '=': conversion from 'int' to 'float', possible loss of data
  Compiling...
  Renderer.cpp
  Rocket.cpp
Rocket.cpp(43): warning C4244: 'argument': conversion from 'double' to 'float32', possible loss of data
  SceneManager.cpp
  Sounds.cpp
  Goal.cpp
  Sprite.cpp
Sprite.cpp(13): warning C4244: '=': conversion from 'float' to 'int', possible loss of data
Sprite.cpp(14): warning C4244: '=': conversion from 'float' to 'int', possible loss of data
Sprite.cpp(15): warning C4244: '=': conversion from 'float' to 'int', possible loss of data
Sprite.cpp(16): warning C4244: '=': conversion from 'float' to 'int', possible loss of data
Sprite.cpp(18): warning C4244: '=': conversion from 'float' to 'int', possible loss of data
Sprite.cpp(19): warning C4244: '=': conversion from 'float' to 'int', possible loss of data
Sprite.cpp(20): warning C4244: '=': conversion from 'float' to 'int', possible loss of data
Sprite.cpp(21): warning C4244: '=': conversion from 'float' to 'int', possible loss of data
Sprite.cpp(32): warning C4244: '=': conversion from 'float' to 'int', possible loss of data
Sprite.cpp(33): warning C4244: '=': conversion from 'float' to 'int', possible loss of data
Sprite.cpp(38): warning C4244: '=': conversion from 'float' to 'int', possible loss of data
Sprite.cpp(39): warning C4244: '=': conversion from 'float' to 'int', possible loss of data
Sprite.cpp(56): warning C4244: '=': conversion from 'float' to 'int', possible loss of data
Sprite.cpp(57): warning C4244: '=': conversion from 'float' to 'int', possible loss of data
Sprite.cpp(62): warning C4244: '=': conversion from 'float' to 'int', possible loss of data
Sprite.cpp(63): warning C4244: '=': conversion from 'float' to 'int', possible loss of data
Sprite.cpp(68): warning C4244: '=': conversion from 'float' to 'int', possible loss of data
Sprite.cpp(69): warning C4244: '=': conversion from 'float' to 'int', possible loss of data
Sprite.cpp(75): warning C4244: '=': conversion from 'float' to 'int', possible loss of data
Sprite.cpp(76): warning C4244: '=': conversion from 'float' to 'int', possible loss of data
Sprite.cpp(81): warning C4244: '=': conversion from 'float' to 'int', possible loss of data
Sprite.cpp(82): warning C4244: '=': conversion from 'float' to 'int', possible loss of data
Sprite.cpp(87): warning C4244: '=': conversion from 'float' to 'int', possible loss of data
Sprite.cpp(88): warning C4244: '=': conversion from 'float' to 'int', possible loss of data
Sprite.cpp(94): warning C4244: '=': conversion from 'float' to 'int', possible loss of data
Sprite.cpp(95): warning C4244: '=': conversion from 'float' to 'int', possible loss of data
Sprite.cpp(100): warning C4244: '=': conversion from 'float' to 'int', possible loss of data
Sprite.cpp(101): warning C4244: '=': conversion from 'float' to 'int', possible loss of data
Sprite.cpp(106): warning C4244: '=': conversion from 'float' to 'int', possible loss of data
Sprite.cpp(107): warning C4244: '=': conversion from 'float' to 'int', possible loss of data
  StartScene.cpp
StartScene.cpp(33): warning C4267: '=': conversion from 'size_t' to 'int', possible loss of data
  stdafx.cpp
  UIText.cpp
  Wall.cpp
  Windmill.cpp
Windmill.cpp(29): warning C4305: 'argument': truncation from 'double' to 'float32'
Windmill.cpp(42): warning C4305: '=': truncation from 'double' to 'float32'
Windmill.cpp(59): warning C4244: 'argument': conversion from 'double' to 'int', possible loss of data
  World.cpp
  Generating code
  All 1687 functions were compiled because no usable IPDB/IOBJ from previous compilation was found.
  Finished generating code
Box2D.lib(b2ChainShape.obj) : warning LNK4099: PDB 'Box2D.pdb' was not found with 'Box2D.lib(b2ChainShape.obj)' or at 'C:\Users\jocon\Desktop\Games-Engineering\RWM_1718_P2_A\x64\Release\Box2D.pdb'; linking object as if no debug info
Box2D.lib(b2CircleShape.obj) : warning LNK4099: PDB 'Box2D.pdb' was not found with 'Box2D.lib(b2CircleShape.obj)' or at 'C:\Users\jocon\Desktop\Games-Engineering\RWM_1718_P2_A\x64\Release\Box2D.pdb'; linking object as if no debug info
Box2D.lib(b2EdgeShape.obj) : warning LNK4099: PDB 'Box2D.pdb' was not found with 'Box2D.lib(b2EdgeShape.obj)' or at 'C:\Users\jocon\Desktop\Games-Engineering\RWM_1718_P2_A\x64\Release\Box2D.pdb'; linking object as if no debug info
Box2D.lib(b2PolygonShape.obj) : warning LNK4099: PDB 'Box2D.pdb' was not found with 'Box2D.lib(b2PolygonShape.obj)' or at 'C:\Users\jocon\Desktop\Games-Engineering\RWM_1718_P2_A\x64\Release\Box2D.pdb'; linking object as if no debug info
Box2D.lib(b2BroadPhase.obj) : warning LNK4099: PDB 'Box2D.pdb' was not found with 'Box2D.lib(b2BroadPhase.obj)' or at 'C:\Users\jocon\Desktop\Games-Engineering\RWM_1718_P2_A\x64\Release\Box2D.pdb'; linking object as if no debug info
Box2D.lib(b2CollideCircle.obj) : warning LNK4099: PDB 'Box2D.pdb' was not found with 'Box2D.lib(b2CollideCircle.obj)' or at 'C:\Users\jocon\Desktop\Games-Engineering\RWM_1718_P2_A\x64\Release\Box2D.pdb'; linking object as if no debug info
Box2D.lib(b2CollideEdge.obj) : warning LNK4099: PDB 'Box2D.pdb' was not found with 'Box2D.lib(b2CollideEdge.obj)' or at 'C:\Users\jocon\Desktop\Games-Engineering\RWM_1718_P2_A\x64\Release\Box2D.pdb'; linking object as if no debug info
Box2D.lib(b2CollidePolygon.obj) : warning LNK4099: PDB 'Box2D.pdb' was not found with 'Box2D.lib(b2CollidePolygon.obj)' or at 'C:\Users\jocon\Desktop\Games-Engineering\RWM_1718_P2_A\x64\Release\Box2D.pdb'; linking object as if no debug info
Box2D.lib(b2Collision.obj) : warning LNK4099: PDB 'Box2D.pdb' was not found with 'Box2D.lib(b2Collision.obj)' or at 'C:\Users\jocon\Desktop\Games-Engineering\RWM_1718_P2_A\x64\Release\Box2D.pdb'; linking object as if no debug info
Box2D.lib(b2Distance.obj) : warning LNK4099: PDB 'Box2D.pdb' was not found with 'Box2D.lib(b2Distance.obj)' or at 'C:\Users\jocon\Desktop\Games-Engineering\RWM_1718_P2_A\x64\Release\Box2D.pdb'; linking object as if no debug info
Box2D.lib(b2DynamicTree.obj) : warning LNK4099: PDB 'Box2D.pdb' was not found with 'Box2D.lib(b2DynamicTree.obj)' or at 'C:\Users\jocon\Desktop\Games-Engineering\RWM_1718_P2_A\x64\Release\Box2D.pdb'; linking object as if no debug info
Box2D.lib(b2TimeOfImpact.obj) : warning LNK4099: PDB 'Box2D.pdb' was not found with 'Box2D.lib(b2TimeOfImpact.obj)' or at 'C:\Users\jocon\Desktop\Games-Engineering\RWM_1718_P2_A\x64\Release\Box2D.pdb'; linking object as if no debug info
Box2D.lib(b2BlockAllocator.obj) : warning LNK4099: PDB 'Box2D.pdb' was not found with 'Box2D.lib(b2BlockAllocator.obj)' or at 'C:\Users\jocon\Desktop\Games-Engineering\RWM_1718_P2_A\x64\Release\Box2D.pdb'; linking object as if no debug info
Box2D.lib(b2Draw.obj) : warning LNK4099: PDB 'Box2D.pdb' was not found with 'Box2D.lib(b2Draw.obj)' or at 'C:\Users\jocon\Desktop\Games-Engineering\RWM_1718_P2_A\x64\Release\Box2D.pdb'; linking object as if no debug info
Box2D.lib(b2Math.obj) : warning LNK4099: PDB 'Box2D.pdb' was not found with 'Box2D.lib(b2Math.obj)' or at 'C:\Users\jocon\Desktop\Games-Engineering\RWM_1718_P2_A\x64\Release\Box2D.pdb'; linking object as if no debug info
Box2D.lib(b2Settings.obj) : warning LNK4099: PDB 'Box2D.pdb' was not found with 'Box2D.lib(b2Settings.obj)' or at 'C:\Users\jocon\Desktop\Games-Engineering\RWM_1718_P2_A\x64\Release\Box2D.pdb'; linking object as if no debug info
Box2D.lib(b2StackAllocator.obj) : warning LNK4099: PDB 'Box2D.pdb' was not found with 'Box2D.lib(b2StackAllocator.obj)' or at 'C:\Users\jocon\Desktop\Games-Engineering\RWM_1718_P2_A\x64\Release\Box2D.pdb'; linking object as if no debug info
Box2D.lib(b2Timer.obj) : warning LNK4099: PDB 'Box2D.pdb' was not found with 'Box2D.lib(b2Timer.obj)' or at 'C:\Users\jocon\Desktop\Games-Engineering\RWM_1718_P2_A\x64\Release\Box2D.pdb'; linking object as if no debug info
Box2D.lib(b2ChainAndCircleContact.obj) : warning LNK4099: PDB 'Box2D.pdb' was not found with 'Box2D.lib(b2ChainAndCircleContact.obj)' or at 'C:\Users\jocon\Desktop\Games-Engineering\RWM_1718_P2_A\x64\Release\Box2D.pdb'; linking object as if no debug info
Box2D.lib(b2ChainAndPolygonContact.obj) : warning LNK4099: PDB 'Box2D.pdb' was not found with 'Box2D.lib(b2ChainAndPolygonContact.obj)' or at 'C:\Users\jocon\Desktop\Games-Engineering\RWM_1718_P2_A\x64\Release\Box2D.pdb'; linking object as if no debug info
Box2D.lib(b2CircleContact.obj) : warning LNK4099: PDB 'Box2D.pdb' was not found with 'Box2D.lib(b2CircleContact.obj)' or at 'C:\Users\jocon\Desktop\Games-Engineering\RWM_1718_P2_A\x64\Release\Box2D.pdb'; linking object as if no debug info
Box2D.lib(b2Contact.obj) : warning LNK4099: PDB 'Box2D.pdb' was not found with 'Box2D.lib(b2Contact.obj)' or at 'C:\Users\jocon\Desktop\Games-Engineering\RWM_1718_P2_A\x64\Release\Box2D.pdb'; linking object as if no debug info
Box2D.lib(b2ContactSolver.obj) : warning LNK4099: PDB 'Box2D.pdb' was not found with 'Box2D.lib(b2ContactSolver.obj)' or at 'C:\Users\jocon\Desktop\Games-Engineering\RWM_1718_P2_A\x64\Release\Box2D.pdb'; linking object as if no debug info
Box2D.lib(b2EdgeAndCircleContact.obj) : warning LNK4099: PDB 'Box2D.pdb' was not found with 'Box2D.lib(b2EdgeAndCircleContact.obj)' or at 'C:\Users\jocon\Desktop\Games-Engineering\RWM_1718_P2_A\x64\Release\Box2D.pdb'; linking object as if no debug info
Box2D.lib(b2EdgeAndPolygonContact.obj) : warning LNK4099: PDB 'Box2D.pdb' was not found with 'Box2D.lib(b2EdgeAndPolygonContact.obj)' or at 'C:\Users\jocon\Desktop\Games-Engineering\RWM_1718_P2_A\x64\Release\Box2D.pdb'; linking object as if no debug info
Box2D.lib(b2PolygonAndCircleContact.obj) : warning LNK4099: PDB 'Box2D.pdb' was not found with 'Box2D.lib(b2PolygonAndCircleContact.obj)' or at 'C:\Users\jocon\Desktop\Games-Engineering\RWM_1718_P2_A\x64\Release\Box2D.pdb'; linking object as if no debug info
Box2D.lib(b2PolygonContact.obj) : warning LNK4099: PDB 'Box2D.pdb' was not found with 'Box2D.lib(b2PolygonContact.obj)' or at 'C:\Users\jocon\Desktop\Games-Engineering\RWM_1718_P2_A\x64\Release\Box2D.pdb'; linking object as if no debug info
Box2D.lib(b2DistanceJoint.obj) : warning LNK4099: PDB 'Box2D.pdb' was not found with 'Box2D.lib(b2DistanceJoint.obj)' or at 'C:\Users\jocon\Desktop\Games-Engineering\RWM_1718_P2_A\x64\Release\Box2D.pdb'; linking object as if no debug info
Box2D.lib(b2FrictionJoint.obj) : warning LNK4099: PDB 'Box2D.pdb' was not found with 'Box2D.lib(b2FrictionJoint.obj)' or at 'C:\Users\jocon\Desktop\Games-Engineering\RWM_1718_P2_A\x64\Release\Box2D.pdb'; linking object as if no debug info
Box2D.lib(b2GearJoint.obj) : warning LNK4099: PDB 'Box2D.pdb' was not found with 'Box2D.lib(b2GearJoint.obj)' or at 'C:\Users\jocon\Desktop\Games-Engineering\RWM_1718_P2_A\x64\Release\Box2D.pdb'; linking object as if no debug info
Box2D.lib(b2Joint.obj) : warning LNK4099: PDB 'Box2D.pdb' was not found with 'Box2D.lib(b2Joint.obj)' or at 'C:\Users\jocon\Desktop\Games-Engineering\RWM_1718_P2_A\x64\Release\Box2D.pdb'; linking object as if no debug info
Box2D.lib(b2MotorJoint.obj) : warning LNK4099: PDB 'Box2D.pdb' was not found with 'Box2D.lib(b2MotorJoint.obj)' or at 'C:\Users\jocon\Desktop\Games-Engineering\RWM_1718_P2_A\x64\Release\Box2D.pdb'; linking object as if no debug info
Box2D.lib(b2MouseJoint.obj) : warning LNK4099: PDB 'Box2D.pdb' was not found with 'Box2D.lib(b2MouseJoint.obj)' or at 'C:\Users\jocon\Desktop\Games-Engineering\RWM_1718_P2_A\x64\Release\Box2D.pdb'; linking object as if no debug info
Box2D.lib(b2PrismaticJoint.obj) : warning LNK4099: PDB 'Box2D.pdb' was not found with 'Box2D.lib(b2PrismaticJoint.obj)' or at 'C:\Users\jocon\Desktop\Games-Engineering\RWM_1718_P2_A\x64\Release\Box2D.pdb'; linking object as if no debug info
Box2D.lib(b2PulleyJoint.obj) : warning LNK4099: PDB 'Box2D.pdb' was not found with 'Box2D.lib(b2PulleyJoint.obj)' or at 'C:\Users\jocon\Desktop\Games-Engineering\RWM_1718_P2_A\x64\Release\Box2D.pdb'; linking object as if no debug info
Box2D.lib(b2RevoluteJoint.obj) : warning LNK4099: PDB 'Box2D.pdb' was not found with 'Box2D.lib(b2RevoluteJoint.obj)' or at 'C:\Users\jocon\Desktop\Games-Engineering\RWM_1718_P2_A\x64\Release\Box2D.pdb'; linking object as if no debug info
Box2D.lib(b2RopeJoint.obj) : warning LNK4099: PDB 'Box2D.pdb' was not found with 'Box2D.lib(b2RopeJoint.obj)' or at 'C:\Users\jocon\Desktop\Games-Engineering\RWM_1718_P2_A\x64\Release\Box2D.pdb'; linking object as if no debug info
Box2D.lib(b2WeldJoint.obj) : warning LNK4099: PDB 'Box2D.pdb' was not found with 'Box2D.lib(b2WeldJoint.obj)' or at 'C:\Users\jocon\Desktop\Games-Engineering\RWM_1718_P2_A\x64\Release\Box2D.pdb'; linking object as if no debug info
Box2D.lib(b2WheelJoint.obj) : warning LNK4099: PDB 'Box2D.pdb' was not found with 'Box2D.lib(b2WheelJoint.obj)' or at 'C:\Users\jocon\Desktop\Games-Engineering\RWM_1718_P2_A\x64\Release\Box2D.pdb'; linking object as if no debug info
Box2D.lib(b2Body.obj) : warning LNK4099: PDB 'Box2D.pdb' was not found with 'Box2D.lib(b2Body.obj)' or at 'C:\Users\jocon\Desktop\Games-Engineering\RWM_1718_P2_A\x64\Release\Box2D.pdb'; linking object as if no debug info
Box2D.lib(b2ContactManager.obj) : warning LNK4099: PDB 'Box2D.pdb' was not found with 'Box2D.lib(b2ContactManager.obj)' or at 'C:\Users\jocon\Desktop\Games-Engineering\RWM_1718_P2_A\x64\Release\Box2D.pdb'; linking object as if no debug info
Box2D.lib(b2Fixture.obj) : warning LNK4099: PDB 'Box2D.pdb' was not found with 'Box2D.lib(b2Fixture.obj)' or at 'C:\Users\jocon\Desktop\Games-Engineering\RWM_1718_P2_A\x64\Release\Box2D.pdb'; linking object as if no debug info
Box2D.lib(b2Island.obj) : warning LNK4099: PDB 'Box2D.pdb' was not found with 'Box2D.lib(b2Island.obj)' or at 'C:\Users\jocon\Desktop\Games-Engineering\RWM_1718_P2_A\x64\Release\Box2D.pdb'; linking object as if no debug info
Box2D.lib(b2World.obj) : warning LNK4099: PDB 'Box2D.pdb' was not found with 'Box2D.lib(b2World.obj)' or at 'C:\Users\jocon\Desktop\Games-Engineering\RWM_1718_P2_A\x64\Release\Box2D.pdb'; linking object as if no debug info
Box2D.lib(b2WorldCallbacks.obj) : warning LNK4099: PDB 'Box2D.pdb' was not found with 'Box2D.lib(b2WorldCallbacks.obj)' or at 'C:\Users\jocon\Desktop\Games-Engineering\RWM_1718_P2_A\x64\Release\Box2D.pdb'; linking object as if no debug info
  RWM_1718_P2_A.vcxproj -> C:\Users\jocon\Desktop\Games-Engineering\RWM_1718_P2_A\x64\Release\RWM_1718_P2_A.exe
